  Matrices0999.cpp
c:\users\huozi\desktop\new folder\dx_homm3\Header.h(163): warning C4244: 'argument': conversion from 'float' to 'const unsigned __int64', possible loss of data
c:\users\huozi\desktop\new folder\dx_homm3\Header.h(167): warning C4244: 'argument': conversion from 'float' to 'const unsigned __int64', possible loss of data
c:\users\huozi\desktop\new folder\dx_homm3\Header.h(170): warning C4244: 'argument': conversion from 'float' to 'const unsigned __int64', possible loss of data
c:\users\huozi\desktop\new folder\dx_homm3\Header.h(173): warning C4244: 'argument': conversion from 'float' to 'const unsigned __int64', possible loss of data
c:\users\huozi\desktop\new folder\dx_homm3\Header.h(176): warning C4244: 'argument': conversion from 'float' to 'const unsigned __int64', possible loss of data
c:\users\huozi\desktop\new folder\dx_homm3\Header.h(191): warning C4244: 'return': conversion from 'double' to 'float', possible loss of data
c:\users\huozi\desktop\new folder\dx_homm3\Header.h(194): warning C4244: 'return': conversion from 'double' to 'float', possible loss of data
c:\users\huozi\desktop\new folder\dx_homm3\Header.h(199): warning C4244: 'return': conversion from 'double' to 'float', possible loss of data
c:\users\huozi\desktop\new folder\dx_homm3\Header.h(202): warning C4244: 'return': conversion from 'double' to 'float', possible loss of data
c:\users\huozi\desktop\new folder\dx_homm3\Header.h(213): warning C4244: 'return': conversion from 'double' to 'float', possible loss of data
c:\users\huozi\desktop\new folder\dx_homm3\Header.h(216): warning C4244: 'return': conversion from 'double' to 'float', possible loss of data
c:\users\huozi\desktop\new folder\dx_homm3\Header.h(221): warning C4244: 'return': conversion from 'double' to 'float', possible loss of data
c:\users\huozi\desktop\new folder\dx_homm3\Header.h(224): warning C4244: 'return': conversion from 'double' to 'float', possible loss of data
c:\users\huozi\desktop\new folder\dx_homm3\Header.h(219): warning C4100: 'virtualLocation_x': unreferenced formal parameter
Matrices0999.cpp(78): warning C4244: 'return': conversion from 'WPARAM' to 'int', possible loss of data
Matrices0999.cpp(10): warning C4100: 'lpCmdLine': unreferenced formal parameter
Matrices0999.cpp(9): warning C4100: 'hPrevInstance': unreferenced formal parameter
Matrices0999.cpp(172): warning C4996: 'fopen': This function or variable may be unsafe. Consider using fopen_s instead. To disable deprecation, use _CRT_SECURE_NO_WARNINGS. See online help for details.
  C:\Program Files (x86)\Windows Kits\10\Include\10.0.10240.0\ucrt\stdio.h(205): note: see declaration of 'fopen'
Matrices0999.cpp(306): warning C4996: 'wcscpy': This function or variable may be unsafe. Consider using wcscpy_s instead. To disable deprecation, use _CRT_SECURE_NO_WARNINGS. See online help for details.
  C:\Program Files (x86)\Windows Kits\10\Include\10.0.10240.0\ucrt\corecrt_wstring.h(121): note: see declaration of 'wcscpy'
Matrices0999.cpp(1888): warning C4244: 'argument': conversion from 'int' to 'FLOAT', possible loss of data
Matrices0999.cpp(1900): warning C4244: 'argument': conversion from 'int' to 'FLOAT', possible loss of data
Matrices0999.cpp(1913): warning C4244: 'argument': conversion from 'int' to 'FLOAT', possible loss of data
Matrices0999.cpp(1916): warning C4244: 'argument': conversion from 'int' to 'FLOAT', possible loss of data
Matrices0999.cpp(2039): warning C4244: 'initializing': conversion from 'double' to 'int', possible loss of data
Matrices0999.cpp(2058): warning C4244: 'argument': conversion from 'float' to 'int', possible loss of data
Matrices0999.cpp(2058): warning C4244: 'argument': conversion from 'double' to 'int', possible loss of data
Matrices0999.cpp(2066): warning C4244: 'argument': conversion from 'float' to 'int', possible loss of data
Matrices0999.cpp(2066): warning C4244: 'argument': conversion from 'double' to 'int', possible loss of data
Matrices0999.cpp(2093): warning C4456: declaration of 'rect' hides previous local declaration
  Matrices0999.cpp(2021): note: see declaration of 'rect'
Matrices0999.cpp(2093): warning C4838: conversion from 'UINT' to 'LONG' requires a narrowing conversion
Matrices0999.cpp(2112): warning C4996: 'wcscat': This function or variable may be unsafe. Consider using wcscat_s instead. To disable deprecation, use _CRT_SECURE_NO_WARNINGS. See online help for details.
  C:\Program Files (x86)\Windows Kits\10\Include\10.0.10240.0\ucrt\corecrt_wstring.h(101): note: see declaration of 'wcscat'
Matrices0999.cpp(2132): warning C4244: 'argument': conversion from 'float' to 'int', possible loss of data
Matrices0999.cpp(2132): warning C4244: 'argument': conversion from 'double' to 'int', possible loss of data
Matrices0999.cpp(2142): warning C4244: 'argument': conversion from 'float' to 'int', possible loss of data
Matrices0999.cpp(2142): warning C4244: 'argument': conversion from 'double' to 'int', possible loss of data
Matrices0999.cpp(1990): warning C4100: 'hero_right': unreferenced formal parameter
Matrices0999.cpp(1990): warning C4100: 'hero_left': unreferenced formal parameter
c:\users\huozi\desktop\new folder\dx_homm3\matrices0999.cpp(2058): warning C4701: potentially uninitialized local variable 'finalX' used
c:\users\huozi\desktop\new folder\dx_homm3\matrices0999.cpp(2058): warning C4701: potentially uninitialized local variable 'finalY' used
c:\users\huozi\desktop\new folder\dx_homm3\matrices0999.cpp(2066): warning C4701: potentially uninitialized local variable 'final2X' used
c:\users\huozi\desktop\new folder\dx_homm3\matrices0999.cpp(2066): warning C4701: potentially uninitialized local variable 'final2Y' used
c:\users\huozi\desktop\new folder\dx_homm3\header.h(140): warning C4715: 'Child::getAnimSpeedByState': not all control paths return a value
c:\users\huozi\desktop\new folder\dx_homm3\header.h(183): warning C4701: potentially uninitialized local variable 'currentTexture' used
c:\users\huozi\desktop\new folder\dx_homm3\header.h(204): warning C4715: 'Child::toRealLocationY': not all control paths return a value
c:\users\huozi\desktop\new folder\dx_homm3\header.h(196): warning C4715: 'Child::toRealLocationX': not all control paths return a value
c:\users\huozi\desktop\new folder\dx_homm3\header.h(218): warning C4715: 'tile::toRealLocationX': not all control paths return a value
c:\users\huozi\desktop\new folder\dx_homm3\header.h(226): warning C4715: 'tile::toRealLocationY': not all control paths return a value
  Matrices0999_2010.vcxproj -> C:\Users\huozi\Desktop\New folder\DX_homm3\x64\Debug\Matrices0999.exe
  Matrices0999_2010.vcxproj -> C:\Users\huozi\Desktop\New folder\DX_homm3\x64\Debug\Matrices0999.pdb (Full PDB)
